<?xml version="1.0" encoding="UTF-8"?>
<robot generator="Robot 6.1.1 (Python 3.12.0 on linux)" generated="20231118 13:54:59.712" rpa="false" schemaversion="4">
<suite id="s1" name="Tests" source="/home/cristama/ohtu/palautusrepositorio/viikko3/web-login/src/tests">
<suite id="s1-s1" name="Home" source="/home/cristama/ohtu/palautusrepositorio/viikko3/web-login/src/tests/home.robot">
<kw name="Open And Configure Browser" library="resource" type="SETUP">
<kw name="Evaluate" library="BuiltIn">
<var>${options}</var>
<arg>sys.modules['selenium.webdriver'].ChromeOptions()</arg>
<arg>sys</arg>
<doc>Evaluates the given expression in Python and returns the result.</doc>
<msg timestamp="20231118 13:54:59.840" level="INFO">${options} = &lt;selenium.webdriver.chrome.options.Options object at 0x7fc03cc88bf0&gt;</msg>
<status status="PASS" starttime="20231118 13:54:59.840" endtime="20231118 13:54:59.840"/>
</kw>
<kw name="Call Method" library="BuiltIn">
<arg>${options}</arg>
<arg>add_argument</arg>
<arg>--no-sandbox</arg>
<doc>Calls the named method of the given object with the provided arguments.</doc>
<status status="PASS" starttime="20231118 13:54:59.840" endtime="20231118 13:54:59.840"/>
</kw>
<kw name="Call Method" library="BuiltIn">
<arg>${options}</arg>
<arg>add_argument</arg>
<arg>--headless</arg>
<doc>Calls the named method of the given object with the provided arguments.</doc>
<status status="PASS" starttime="20231118 13:54:59.840" endtime="20231118 13:54:59.840"/>
</kw>
<kw name="Open Browser" library="SeleniumLibrary">
<arg>browser=chrome</arg>
<arg>options=${options}</arg>
<doc>Opens a new browser instance to the optional ``url``.</doc>
<msg timestamp="20231118 13:54:59.841" level="INFO">Opening browser 'chrome' to base url 'None'.</msg>
<status status="PASS" starttime="20231118 13:54:59.840" endtime="20231118 13:55:00.487"/>
</kw>
<kw name="Set Selenium Speed" library="SeleniumLibrary">
<arg>${DELAY}</arg>
<doc>Sets the delay that is waited after each Selenium command.</doc>
<status status="PASS" starttime="20231118 13:55:00.488" endtime="20231118 13:55:00.488"/>
</kw>
<status status="PASS" starttime="20231118 13:54:59.839" endtime="20231118 13:55:00.488"/>
</kw>
<test id="s1-s1-t1" name="Click Login Link" line="8">
<kw name="Go To Main Page" library="resource" type="SETUP">
<kw name="Go To" library="SeleniumLibrary">
<arg>${HOME_URL}</arg>
<doc>Navigates the current browser window to the provided ``url``.</doc>
<msg timestamp="20231118 13:55:00.489" level="INFO">Opening url 'http://localhost:5001'</msg>
<status status="PASS" starttime="20231118 13:55:00.489" endtime="20231118 13:55:00.531"/>
</kw>
<status status="PASS" starttime="20231118 13:55:00.489" endtime="20231118 13:55:00.531"/>
</kw>
<kw name="Click Link" library="SeleniumLibrary">
<arg>Login</arg>
<doc>Clicks a link identified by ``locator``.</doc>
<msg timestamp="20231118 13:55:00.532" level="INFO">Clicking link 'Login'.</msg>
<status status="PASS" starttime="20231118 13:55:00.531" endtime="20231118 13:55:00.569"/>
</kw>
<kw name="Login Page Should Be Open" library="resource">
<kw name="Title Should Be" library="SeleniumLibrary">
<arg>Login</arg>
<doc>Verifies that the current page title equals ``title``.</doc>
<msg timestamp="20231118 13:55:00.572" level="INFO">Page title is 'Login'.</msg>
<status status="PASS" starttime="20231118 13:55:00.570" endtime="20231118 13:55:00.572"/>
</kw>
<status status="PASS" starttime="20231118 13:55:00.570" endtime="20231118 13:55:00.572"/>
</kw>
<status status="PASS" starttime="20231118 13:55:00.488" endtime="20231118 13:55:00.572"/>
</test>
<test id="s1-s1-t2" name="Click Register Link" line="12">
<kw name="Go To Main Page" library="resource" type="SETUP">
<kw name="Go To" library="SeleniumLibrary">
<arg>${HOME_URL}</arg>
<doc>Navigates the current browser window to the provided ``url``.</doc>
<msg timestamp="20231118 13:55:00.573" level="INFO">Opening url 'http://localhost:5001'</msg>
<status status="PASS" starttime="20231118 13:55:00.573" endtime="20231118 13:55:00.580"/>
</kw>
<status status="PASS" starttime="20231118 13:55:00.573" endtime="20231118 13:55:00.581"/>
</kw>
<kw name="Click Link" library="SeleniumLibrary">
<arg>Register new user</arg>
<doc>Clicks a link identified by ``locator``.</doc>
<msg timestamp="20231118 13:55:00.581" level="INFO">Clicking link 'Register new user'.</msg>
<status status="PASS" starttime="20231118 13:55:00.581" endtime="20231118 13:55:00.611"/>
</kw>
<kw name="Register Page Should Be Open" library="resource">
<kw name="Title Should Be" library="SeleniumLibrary">
<arg>Register</arg>
<doc>Verifies that the current page title equals ``title``.</doc>
<msg timestamp="20231118 13:55:00.613" level="INFO">Page title is 'Register'.</msg>
<status status="PASS" starttime="20231118 13:55:00.612" endtime="20231118 13:55:00.613"/>
</kw>
<status status="PASS" starttime="20231118 13:55:00.611" endtime="20231118 13:55:00.613"/>
</kw>
<status status="PASS" starttime="20231118 13:55:00.573" endtime="20231118 13:55:00.613"/>
</test>
<kw name="Close Browser" library="SeleniumLibrary" type="TEARDOWN">
<doc>Closes the current browser.</doc>
<status status="PASS" starttime="20231118 13:55:00.614" endtime="20231118 13:55:00.675"/>
</kw>
<status status="PASS" starttime="20231118 13:54:59.725" endtime="20231118 13:55:00.675"/>
</suite>
<suite id="s1-s2" name="Login" source="/home/cristama/ohtu/palautusrepositorio/viikko3/web-login/src/tests/login.robot">
<kw name="Open And Configure Browser" library="resource" type="SETUP">
<kw name="Evaluate" library="BuiltIn">
<var>${options}</var>
<arg>sys.modules['selenium.webdriver'].ChromeOptions()</arg>
<arg>sys</arg>
<doc>Evaluates the given expression in Python and returns the result.</doc>
<msg timestamp="20231118 13:55:00.683" level="INFO">${options} = &lt;selenium.webdriver.chrome.options.Options object at 0x7fc03ccc49b0&gt;</msg>
<status status="PASS" starttime="20231118 13:55:00.683" endtime="20231118 13:55:00.683"/>
</kw>
<kw name="Call Method" library="BuiltIn">
<arg>${options}</arg>
<arg>add_argument</arg>
<arg>--no-sandbox</arg>
<doc>Calls the named method of the given object with the provided arguments.</doc>
<status status="PASS" starttime="20231118 13:55:00.684" endtime="20231118 13:55:00.684"/>
</kw>
<kw name="Call Method" library="BuiltIn">
<arg>${options}</arg>
<arg>add_argument</arg>
<arg>--headless</arg>
<doc>Calls the named method of the given object with the provided arguments.</doc>
<status status="PASS" starttime="20231118 13:55:00.684" endtime="20231118 13:55:00.684"/>
</kw>
<kw name="Open Browser" library="SeleniumLibrary">
<arg>browser=chrome</arg>
<arg>options=${options}</arg>
<doc>Opens a new browser instance to the optional ``url``.</doc>
<msg timestamp="20231118 13:55:00.684" level="INFO">Opening browser 'chrome' to base url 'None'.</msg>
<status status="PASS" starttime="20231118 13:55:00.684" endtime="20231118 13:55:01.299"/>
</kw>
<kw name="Set Selenium Speed" library="SeleniumLibrary">
<arg>${DELAY}</arg>
<doc>Sets the delay that is waited after each Selenium command.</doc>
<status status="PASS" starttime="20231118 13:55:01.299" endtime="20231118 13:55:01.300"/>
</kw>
<status status="PASS" starttime="20231118 13:55:00.683" endtime="20231118 13:55:01.300"/>
</kw>
<test id="s1-s2-t1" name="Login With Correct Credentials" line="8">
<kw name="Create User And Go To Login Page" type="SETUP">
<kw name="Create User" library="AppLibrary">
<arg>kalle</arg>
<arg>kalle123</arg>
<status status="PASS" starttime="20231118 13:55:01.301" endtime="20231118 13:55:01.306"/>
</kw>
<kw name="Go To Login Page" library="resource">
<kw name="Go To" library="SeleniumLibrary">
<arg>${LOGIN_URL}</arg>
<doc>Navigates the current browser window to the provided ``url``.</doc>
<msg timestamp="20231118 13:55:01.307" level="INFO">Opening url 'http://localhost:5001/login'</msg>
<status status="PASS" starttime="20231118 13:55:01.307" endtime="20231118 13:55:01.360"/>
</kw>
<status status="PASS" starttime="20231118 13:55:01.307" endtime="20231118 13:55:01.360"/>
</kw>
<kw name="Login Page Should Be Open" library="resource">
<kw name="Title Should Be" library="SeleniumLibrary">
<arg>Login</arg>
<doc>Verifies that the current page title equals ``title``.</doc>
<msg timestamp="20231118 13:55:01.363" level="INFO">Page title is 'Login'.</msg>
<status status="PASS" starttime="20231118 13:55:01.360" endtime="20231118 13:55:01.363"/>
</kw>
<status status="PASS" starttime="20231118 13:55:01.360" endtime="20231118 13:55:01.363"/>
</kw>
<status status="PASS" starttime="20231118 13:55:01.300" endtime="20231118 13:55:01.363"/>
</kw>
<kw name="Set Username">
<arg>kalle</arg>
<kw name="Input Text" library="SeleniumLibrary">
<arg>username</arg>
<arg>${username}</arg>
<doc>Types the given ``text`` into the text field identified by ``locator``.</doc>
<msg timestamp="20231118 13:55:01.364" level="INFO">Typing text 'kalle' into text field 'username'.</msg>
<status status="PASS" starttime="20231118 13:55:01.363" endtime="20231118 13:55:01.410"/>
</kw>
<status status="PASS" starttime="20231118 13:55:01.363" endtime="20231118 13:55:01.410"/>
</kw>
<kw name="Set Password">
<arg>kalle123</arg>
<kw name="Input Password" library="SeleniumLibrary">
<arg>password</arg>
<arg>${password}</arg>
<doc>Types the given password into the text field identified by ``locator``.</doc>
<msg timestamp="20231118 13:55:01.411" level="INFO">Typing password into text field 'password'.</msg>
<msg timestamp="20231118 13:55:01.435" level="INFO">Temporally setting log level to: NONE</msg>
<msg timestamp="20231118 13:55:01.456" level="INFO">Log level changed from NONE to INFO.</msg>
<status status="PASS" starttime="20231118 13:55:01.411" endtime="20231118 13:55:01.456"/>
</kw>
<status status="PASS" starttime="20231118 13:55:01.411" endtime="20231118 13:55:01.456"/>
</kw>
<kw name="Submit Credentials">
<kw name="Click Button" library="SeleniumLibrary">
<arg>Login</arg>
<doc>Clicks the button identified by ``locator``.</doc>
<msg timestamp="20231118 13:55:01.456" level="INFO">Clicking button 'Login'.</msg>
<status status="PASS" starttime="20231118 13:55:01.456" endtime="20231118 13:55:01.493"/>
</kw>
<status status="PASS" starttime="20231118 13:55:01.456" endtime="20231118 13:55:01.493"/>
</kw>
<kw name="Login Should Succeed">
<kw name="Main Page Should Be Open" library="resource">
<kw name="Title Should Be" library="SeleniumLibrary">
<arg>Ohtu Application main page</arg>
<doc>Verifies that the current page title equals ``title``.</doc>
<msg timestamp="20231118 13:55:01.495" level="INFO">Page title is 'Ohtu Application main page'.</msg>
<status status="PASS" starttime="20231118 13:55:01.494" endtime="20231118 13:55:01.495"/>
</kw>
<status status="PASS" starttime="20231118 13:55:01.493" endtime="20231118 13:55:01.495"/>
</kw>
<status status="PASS" starttime="20231118 13:55:01.493" endtime="20231118 13:55:01.495"/>
</kw>
<status status="PASS" starttime="20231118 13:55:01.300" endtime="20231118 13:55:01.495"/>
</test>
<test id="s1-s2-t2" name="Login With Incorrect Password" line="14">
<kw name="Create User And Go To Login Page" type="SETUP">
<kw name="Create User" library="AppLibrary">
<arg>kalle</arg>
<arg>kalle123</arg>
<status status="PASS" starttime="20231118 13:55:01.496" endtime="20231118 13:55:01.501"/>
</kw>
<kw name="Go To Login Page" library="resource">
<kw name="Go To" library="SeleniumLibrary">
<arg>${LOGIN_URL}</arg>
<doc>Navigates the current browser window to the provided ``url``.</doc>
<msg timestamp="20231118 13:55:01.502" level="INFO">Opening url 'http://localhost:5001/login'</msg>
<status status="PASS" starttime="20231118 13:55:01.502" endtime="20231118 13:55:01.509"/>
</kw>
<status status="PASS" starttime="20231118 13:55:01.502" endtime="20231118 13:55:01.509"/>
</kw>
<kw name="Login Page Should Be Open" library="resource">
<kw name="Title Should Be" library="SeleniumLibrary">
<arg>Login</arg>
<doc>Verifies that the current page title equals ``title``.</doc>
<msg timestamp="20231118 13:55:01.511" level="INFO">Page title is 'Login'.</msg>
<status status="PASS" starttime="20231118 13:55:01.509" endtime="20231118 13:55:01.511"/>
</kw>
<status status="PASS" starttime="20231118 13:55:01.509" endtime="20231118 13:55:01.511"/>
</kw>
<status status="PASS" starttime="20231118 13:55:01.496" endtime="20231118 13:55:01.511"/>
</kw>
<kw name="Set Username">
<arg>kalle</arg>
<kw name="Input Text" library="SeleniumLibrary">
<arg>username</arg>
<arg>${username}</arg>
<doc>Types the given ``text`` into the text field identified by ``locator``.</doc>
<msg timestamp="20231118 13:55:01.512" level="INFO">Typing text 'kalle' into text field 'username'.</msg>
<status status="PASS" starttime="20231118 13:55:01.511" endtime="20231118 13:55:01.554"/>
</kw>
<status status="PASS" starttime="20231118 13:55:01.511" endtime="20231118 13:55:01.554"/>
</kw>
<kw name="Set Password">
<arg>kalle456</arg>
<kw name="Input Password" library="SeleniumLibrary">
<arg>password</arg>
<arg>${password}</arg>
<doc>Types the given password into the text field identified by ``locator``.</doc>
<msg timestamp="20231118 13:55:01.555" level="INFO">Typing password into text field 'password'.</msg>
<msg timestamp="20231118 13:55:01.574" level="INFO">Temporally setting log level to: NONE</msg>
<msg timestamp="20231118 13:55:01.594" level="INFO">Log level changed from NONE to INFO.</msg>
<status status="PASS" starttime="20231118 13:55:01.554" endtime="20231118 13:55:01.594"/>
</kw>
<status status="PASS" starttime="20231118 13:55:01.554" endtime="20231118 13:55:01.594"/>
</kw>
<kw name="Submit Credentials">
<kw name="Click Button" library="SeleniumLibrary">
<arg>Login</arg>
<doc>Clicks the button identified by ``locator``.</doc>
<msg timestamp="20231118 13:55:01.595" level="INFO">Clicking button 'Login'.</msg>
<status status="PASS" starttime="20231118 13:55:01.595" endtime="20231118 13:55:01.626"/>
</kw>
<status status="PASS" starttime="20231118 13:55:01.594" endtime="20231118 13:55:01.626"/>
</kw>
<kw name="Login Should Fail With Message">
<arg>Invalid username or password</arg>
<kw name="Login Page Should Be Open" library="resource">
<kw name="Title Should Be" library="SeleniumLibrary">
<arg>Login</arg>
<doc>Verifies that the current page title equals ``title``.</doc>
<msg timestamp="20231118 13:55:01.628" level="INFO">Page title is 'Login'.</msg>
<status status="PASS" starttime="20231118 13:55:01.626" endtime="20231118 13:55:01.628"/>
</kw>
<status status="PASS" starttime="20231118 13:55:01.626" endtime="20231118 13:55:01.628"/>
</kw>
<kw name="Page Should Contain" library="SeleniumLibrary">
<arg>${message}</arg>
<doc>Verifies that current page contains ``text``.</doc>
<msg timestamp="20231118 13:55:01.636" level="INFO">Current page contains text 'Invalid username or password'.</msg>
<status status="PASS" starttime="20231118 13:55:01.628" endtime="20231118 13:55:01.636"/>
</kw>
<status status="PASS" starttime="20231118 13:55:01.626" endtime="20231118 13:55:01.636"/>
</kw>
<status status="PASS" starttime="20231118 13:55:01.496" endtime="20231118 13:55:01.636"/>
</test>
<test id="s1-s2-t3" name="Login With Nonexistent Username" line="20">
<kw name="Create User And Go To Login Page" type="SETUP">
<kw name="Create User" library="AppLibrary">
<arg>kalle</arg>
<arg>kalle123</arg>
<status status="PASS" starttime="20231118 13:55:01.637" endtime="20231118 13:55:01.643"/>
</kw>
<kw name="Go To Login Page" library="resource">
<kw name="Go To" library="SeleniumLibrary">
<arg>${LOGIN_URL}</arg>
<doc>Navigates the current browser window to the provided ``url``.</doc>
<msg timestamp="20231118 13:55:01.643" level="INFO">Opening url 'http://localhost:5001/login'</msg>
<status status="PASS" starttime="20231118 13:55:01.643" endtime="20231118 13:55:01.651"/>
</kw>
<status status="PASS" starttime="20231118 13:55:01.643" endtime="20231118 13:55:01.651"/>
</kw>
<kw name="Login Page Should Be Open" library="resource">
<kw name="Title Should Be" library="SeleniumLibrary">
<arg>Login</arg>
<doc>Verifies that the current page title equals ``title``.</doc>
<msg timestamp="20231118 13:55:01.653" level="INFO">Page title is 'Login'.</msg>
<status status="PASS" starttime="20231118 13:55:01.651" endtime="20231118 13:55:01.653"/>
</kw>
<status status="PASS" starttime="20231118 13:55:01.651" endtime="20231118 13:55:01.653"/>
</kw>
<status status="PASS" starttime="20231118 13:55:01.637" endtime="20231118 13:55:01.653"/>
</kw>
<kw name="Set Username">
<arg>abcd</arg>
<kw name="Input Text" library="SeleniumLibrary">
<arg>username</arg>
<arg>${username}</arg>
<doc>Types the given ``text`` into the text field identified by ``locator``.</doc>
<msg timestamp="20231118 13:55:01.654" level="INFO">Typing text 'abcd' into text field 'username'.</msg>
<status status="PASS" starttime="20231118 13:55:01.654" endtime="20231118 13:55:01.695"/>
</kw>
<status status="PASS" starttime="20231118 13:55:01.653" endtime="20231118 13:55:01.695"/>
</kw>
<kw name="Set Password">
<arg>abcdef123</arg>
<kw name="Input Password" library="SeleniumLibrary">
<arg>password</arg>
<arg>${password}</arg>
<doc>Types the given password into the text field identified by ``locator``.</doc>
<msg timestamp="20231118 13:55:01.695" level="INFO">Typing password into text field 'password'.</msg>
<msg timestamp="20231118 13:55:01.715" level="INFO">Temporally setting log level to: NONE</msg>
<msg timestamp="20231118 13:55:01.734" level="INFO">Log level changed from NONE to INFO.</msg>
<status status="PASS" starttime="20231118 13:55:01.695" endtime="20231118 13:55:01.735"/>
</kw>
<status status="PASS" starttime="20231118 13:55:01.695" endtime="20231118 13:55:01.735"/>
</kw>
<kw name="Submit Credentials">
<kw name="Click Button" library="SeleniumLibrary">
<arg>Login</arg>
<doc>Clicks the button identified by ``locator``.</doc>
<msg timestamp="20231118 13:55:01.735" level="INFO">Clicking button 'Login'.</msg>
<status status="PASS" starttime="20231118 13:55:01.735" endtime="20231118 13:55:01.767"/>
</kw>
<status status="PASS" starttime="20231118 13:55:01.735" endtime="20231118 13:55:01.767"/>
</kw>
<kw name="Login Should Fail With Message">
<arg>Invalid username or password</arg>
<kw name="Login Page Should Be Open" library="resource">
<kw name="Title Should Be" library="SeleniumLibrary">
<arg>Login</arg>
<doc>Verifies that the current page title equals ``title``.</doc>
<msg timestamp="20231118 13:55:01.769" level="INFO">Page title is 'Login'.</msg>
<status status="PASS" starttime="20231118 13:55:01.767" endtime="20231118 13:55:01.769"/>
</kw>
<status status="PASS" starttime="20231118 13:55:01.767" endtime="20231118 13:55:01.769"/>
</kw>
<kw name="Page Should Contain" library="SeleniumLibrary">
<arg>${message}</arg>
<doc>Verifies that current page contains ``text``.</doc>
<msg timestamp="20231118 13:55:01.774" level="INFO">Current page contains text 'Invalid username or password'.</msg>
<status status="PASS" starttime="20231118 13:55:01.769" endtime="20231118 13:55:01.774"/>
</kw>
<status status="PASS" starttime="20231118 13:55:01.767" endtime="20231118 13:55:01.774"/>
</kw>
<status status="PASS" starttime="20231118 13:55:01.637" endtime="20231118 13:55:01.774"/>
</test>
<kw name="Close Browser" library="SeleniumLibrary" type="TEARDOWN">
<doc>Closes the current browser.</doc>
<status status="PASS" starttime="20231118 13:55:01.775" endtime="20231118 13:55:01.832"/>
</kw>
<status status="PASS" starttime="20231118 13:55:00.677" endtime="20231118 13:55:01.832"/>
</suite>
<suite id="s1-s3" name="Register" source="/home/cristama/ohtu/palautusrepositorio/viikko3/web-login/src/tests/register.robot">
<kw name="Open And Configure Browser" library="resource" type="SETUP">
<kw name="Evaluate" library="BuiltIn">
<var>${options}</var>
<arg>sys.modules['selenium.webdriver'].ChromeOptions()</arg>
<arg>sys</arg>
<doc>Evaluates the given expression in Python and returns the result.</doc>
<msg timestamp="20231118 13:55:01.841" level="INFO">${options} = &lt;selenium.webdriver.chrome.options.Options object at 0x7fc03cc8ad50&gt;</msg>
<status status="PASS" starttime="20231118 13:55:01.840" endtime="20231118 13:55:01.841"/>
</kw>
<kw name="Call Method" library="BuiltIn">
<arg>${options}</arg>
<arg>add_argument</arg>
<arg>--no-sandbox</arg>
<doc>Calls the named method of the given object with the provided arguments.</doc>
<status status="PASS" starttime="20231118 13:55:01.841" endtime="20231118 13:55:01.841"/>
</kw>
<kw name="Call Method" library="BuiltIn">
<arg>${options}</arg>
<arg>add_argument</arg>
<arg>--headless</arg>
<doc>Calls the named method of the given object with the provided arguments.</doc>
<status status="PASS" starttime="20231118 13:55:01.841" endtime="20231118 13:55:01.842"/>
</kw>
<kw name="Open Browser" library="SeleniumLibrary">
<arg>browser=chrome</arg>
<arg>options=${options}</arg>
<doc>Opens a new browser instance to the optional ``url``.</doc>
<msg timestamp="20231118 13:55:01.842" level="INFO">Opening browser 'chrome' to base url 'None'.</msg>
<status status="PASS" starttime="20231118 13:55:01.842" endtime="20231118 13:55:02.510"/>
</kw>
<kw name="Set Selenium Speed" library="SeleniumLibrary">
<arg>${DELAY}</arg>
<doc>Sets the delay that is waited after each Selenium command.</doc>
<status status="PASS" starttime="20231118 13:55:02.510" endtime="20231118 13:55:02.511"/>
</kw>
<status status="PASS" starttime="20231118 13:55:01.840" endtime="20231118 13:55:02.511"/>
</kw>
<test id="s1-s3-t1" name="Register With Valid Username And Password" line="8">
<kw name="Go To Register Page" library="resource" type="SETUP">
<kw name="Go To" library="SeleniumLibrary">
<arg>${REGISTER_URL}</arg>
<doc>Navigates the current browser window to the provided ``url``.</doc>
<msg timestamp="20231118 13:55:02.511" level="INFO">Opening url 'http://localhost:5001/register'</msg>
<status status="PASS" starttime="20231118 13:55:02.511" endtime="20231118 13:55:02.561"/>
</kw>
<status status="PASS" starttime="20231118 13:55:02.511" endtime="20231118 13:55:02.561"/>
</kw>
<kw name="Set Username">
<arg>abcde</arg>
<kw name="Input Text" library="SeleniumLibrary">
<arg>username</arg>
<arg>${username}</arg>
<doc>Types the given ``text`` into the text field identified by ``locator``.</doc>
<msg timestamp="20231118 13:55:02.562" level="INFO">Typing text 'abcde' into text field 'username'.</msg>
<status status="PASS" starttime="20231118 13:55:02.562" endtime="20231118 13:55:02.611"/>
</kw>
<status status="PASS" starttime="20231118 13:55:02.561" endtime="20231118 13:55:02.611"/>
</kw>
<kw name="Set Password">
<arg>abcde12345</arg>
<kw name="Input Password" library="SeleniumLibrary">
<arg>password</arg>
<arg>${password}</arg>
<doc>Types the given password into the text field identified by ``locator``.</doc>
<msg timestamp="20231118 13:55:02.612" level="INFO">Typing password into text field 'password'.</msg>
<msg timestamp="20231118 13:55:02.635" level="INFO">Temporally setting log level to: NONE</msg>
<msg timestamp="20231118 13:55:02.656" level="INFO">Log level changed from NONE to INFO.</msg>
<status status="PASS" starttime="20231118 13:55:02.612" endtime="20231118 13:55:02.656"/>
</kw>
<status status="PASS" starttime="20231118 13:55:02.612" endtime="20231118 13:55:02.656"/>
</kw>
<kw name="Set Password Confirmation">
<arg>abcde12345</arg>
<kw name="Input Password" library="SeleniumLibrary">
<arg>password_confirmation</arg>
<arg>${password_confirmation}</arg>
<doc>Types the given password into the text field identified by ``locator``.</doc>
<msg timestamp="20231118 13:55:02.656" level="INFO">Typing password into text field 'password_confirmation'.</msg>
<msg timestamp="20231118 13:55:02.679" level="INFO">Temporally setting log level to: NONE</msg>
<msg timestamp="20231118 13:55:02.698" level="INFO">Log level changed from NONE to INFO.</msg>
<status status="PASS" starttime="20231118 13:55:02.656" endtime="20231118 13:55:02.698"/>
</kw>
<status status="PASS" starttime="20231118 13:55:02.656" endtime="20231118 13:55:02.698"/>
</kw>
<kw name="Submit Credentials Register">
<kw name="Click Button" library="SeleniumLibrary">
<arg>Register</arg>
<doc>Clicks the button identified by ``locator``.</doc>
<msg timestamp="20231118 13:55:02.699" level="INFO">Clicking button 'Register'.</msg>
<status status="PASS" starttime="20231118 13:55:02.698" endtime="20231118 13:55:02.735"/>
</kw>
<status status="PASS" starttime="20231118 13:55:02.698" endtime="20231118 13:55:02.735"/>
</kw>
<kw name="Register Should Succeed">
<kw name="Welcome Page Should Be Open" library="resource">
<kw name="Title Should Be" library="SeleniumLibrary">
<arg>Welcome to Ohtu Application!</arg>
<doc>Verifies that the current page title equals ``title``.</doc>
<msg timestamp="20231118 13:55:02.738" level="INFO">Page title is 'Welcome to Ohtu Application!'.</msg>
<status status="PASS" starttime="20231118 13:55:02.736" endtime="20231118 13:55:02.738"/>
</kw>
<status status="PASS" starttime="20231118 13:55:02.736" endtime="20231118 13:55:02.738"/>
</kw>
<status status="PASS" starttime="20231118 13:55:02.735" endtime="20231118 13:55:02.738"/>
</kw>
<status status="PASS" starttime="20231118 13:55:02.511" endtime="20231118 13:55:02.738"/>
</test>
<test id="s1-s3-t2" name="Register With Too Short Username And Valid Password" line="15">
<kw name="Go To Register Page" library="resource" type="SETUP">
<kw name="Go To" library="SeleniumLibrary">
<arg>${REGISTER_URL}</arg>
<doc>Navigates the current browser window to the provided ``url``.</doc>
<msg timestamp="20231118 13:55:02.739" level="INFO">Opening url 'http://localhost:5001/register'</msg>
<status status="PASS" starttime="20231118 13:55:02.739" endtime="20231118 13:55:02.746"/>
</kw>
<status status="PASS" starttime="20231118 13:55:02.739" endtime="20231118 13:55:02.746"/>
</kw>
<kw name="Set Username">
<arg>ab</arg>
<kw name="Input Text" library="SeleniumLibrary">
<arg>username</arg>
<arg>${username}</arg>
<doc>Types the given ``text`` into the text field identified by ``locator``.</doc>
<msg timestamp="20231118 13:55:02.747" level="INFO">Typing text 'ab' into text field 'username'.</msg>
<status status="PASS" starttime="20231118 13:55:02.747" endtime="20231118 13:55:02.790"/>
</kw>
<status status="PASS" starttime="20231118 13:55:02.747" endtime="20231118 13:55:02.790"/>
</kw>
<kw name="Set Password">
<arg>abcde12345</arg>
<kw name="Input Password" library="SeleniumLibrary">
<arg>password</arg>
<arg>${password}</arg>
<doc>Types the given password into the text field identified by ``locator``.</doc>
<msg timestamp="20231118 13:55:02.791" level="INFO">Typing password into text field 'password'.</msg>
<msg timestamp="20231118 13:55:02.810" level="INFO">Temporally setting log level to: NONE</msg>
<msg timestamp="20231118 13:55:02.829" level="INFO">Log level changed from NONE to INFO.</msg>
<status status="PASS" starttime="20231118 13:55:02.790" endtime="20231118 13:55:02.829"/>
</kw>
<status status="PASS" starttime="20231118 13:55:02.790" endtime="20231118 13:55:02.829"/>
</kw>
<kw name="Set Password Confirmation">
<arg>abcde12345</arg>
<kw name="Input Password" library="SeleniumLibrary">
<arg>password_confirmation</arg>
<arg>${password_confirmation}</arg>
<doc>Types the given password into the text field identified by ``locator``.</doc>
<msg timestamp="20231118 13:55:02.830" level="INFO">Typing password into text field 'password_confirmation'.</msg>
<msg timestamp="20231118 13:55:02.850" level="INFO">Temporally setting log level to: NONE</msg>
<msg timestamp="20231118 13:55:02.869" level="INFO">Log level changed from NONE to INFO.</msg>
<status status="PASS" starttime="20231118 13:55:02.830" endtime="20231118 13:55:02.869"/>
</kw>
<status status="PASS" starttime="20231118 13:55:02.830" endtime="20231118 13:55:02.869"/>
</kw>
<kw name="Submit Credentials Register">
<kw name="Click Button" library="SeleniumLibrary">
<arg>Register</arg>
<doc>Clicks the button identified by ``locator``.</doc>
<msg timestamp="20231118 13:55:02.870" level="INFO">Clicking button 'Register'.</msg>
<status status="PASS" starttime="20231118 13:55:02.869" endtime="20231118 13:55:02.902"/>
</kw>
<status status="PASS" starttime="20231118 13:55:02.869" endtime="20231118 13:55:02.902"/>
</kw>
<kw name="Register Should Fail With Message">
<arg>Username too short</arg>
<kw name="Register Page Should Be Open" library="resource">
<kw name="Title Should Be" library="SeleniumLibrary">
<arg>Register</arg>
<doc>Verifies that the current page title equals ``title``.</doc>
<msg timestamp="20231118 13:55:02.904" level="INFO">Page title is 'Register'.</msg>
<status status="PASS" starttime="20231118 13:55:02.902" endtime="20231118 13:55:02.904"/>
</kw>
<status status="PASS" starttime="20231118 13:55:02.902" endtime="20231118 13:55:02.904"/>
</kw>
<kw name="Page Should Contain" library="SeleniumLibrary">
<arg>${message}</arg>
<doc>Verifies that current page contains ``text``.</doc>
<msg timestamp="20231118 13:55:02.912" level="INFO">Current page contains text 'Username too short'.</msg>
<status status="PASS" starttime="20231118 13:55:02.904" endtime="20231118 13:55:02.912"/>
</kw>
<status status="PASS" starttime="20231118 13:55:02.902" endtime="20231118 13:55:02.912"/>
</kw>
<status status="PASS" starttime="20231118 13:55:02.739" endtime="20231118 13:55:02.912"/>
</test>
<test id="s1-s3-t3" name="Register With Valid Username And Invalid Password" line="22">
<kw name="Go To Register Page" library="resource" type="SETUP">
<kw name="Go To" library="SeleniumLibrary">
<arg>${REGISTER_URL}</arg>
<doc>Navigates the current browser window to the provided ``url``.</doc>
<msg timestamp="20231118 13:55:02.913" level="INFO">Opening url 'http://localhost:5001/register'</msg>
<status status="PASS" starttime="20231118 13:55:02.913" endtime="20231118 13:55:02.920"/>
</kw>
<status status="PASS" starttime="20231118 13:55:02.913" endtime="20231118 13:55:02.920"/>
</kw>
<kw name="Set Username">
<arg>abcde</arg>
<kw name="Input Text" library="SeleniumLibrary">
<arg>username</arg>
<arg>${username}</arg>
<doc>Types the given ``text`` into the text field identified by ``locator``.</doc>
<msg timestamp="20231118 13:55:02.921" level="INFO">Typing text 'abcde' into text field 'username'.</msg>
<status status="PASS" starttime="20231118 13:55:02.921" endtime="20231118 13:55:02.962"/>
</kw>
<status status="PASS" starttime="20231118 13:55:02.920" endtime="20231118 13:55:02.963"/>
</kw>
<kw name="Set Password">
<arg>abcdefghi</arg>
<kw name="Input Password" library="SeleniumLibrary">
<arg>password</arg>
<arg>${password}</arg>
<doc>Types the given password into the text field identified by ``locator``.</doc>
<msg timestamp="20231118 13:55:02.963" level="INFO">Typing password into text field 'password'.</msg>
<msg timestamp="20231118 13:55:02.983" level="INFO">Temporally setting log level to: NONE</msg>
<msg timestamp="20231118 13:55:03.002" level="INFO">Log level changed from NONE to INFO.</msg>
<status status="PASS" starttime="20231118 13:55:02.963" endtime="20231118 13:55:03.002"/>
</kw>
<status status="PASS" starttime="20231118 13:55:02.963" endtime="20231118 13:55:03.002"/>
</kw>
<kw name="Set Password Confirmation">
<arg>abcdefghi</arg>
<kw name="Input Password" library="SeleniumLibrary">
<arg>password_confirmation</arg>
<arg>${password_confirmation}</arg>
<doc>Types the given password into the text field identified by ``locator``.</doc>
<msg timestamp="20231118 13:55:03.003" level="INFO">Typing password into text field 'password_confirmation'.</msg>
<msg timestamp="20231118 13:55:03.023" level="INFO">Temporally setting log level to: NONE</msg>
<msg timestamp="20231118 13:55:03.044" level="INFO">Log level changed from NONE to INFO.</msg>
<status status="PASS" starttime="20231118 13:55:03.002" endtime="20231118 13:55:03.044"/>
</kw>
<status status="PASS" starttime="20231118 13:55:03.002" endtime="20231118 13:55:03.044"/>
</kw>
<kw name="Submit Credentials Register">
<kw name="Click Button" library="SeleniumLibrary">
<arg>Register</arg>
<doc>Clicks the button identified by ``locator``.</doc>
<msg timestamp="20231118 13:55:03.045" level="INFO">Clicking button 'Register'.</msg>
<status status="PASS" starttime="20231118 13:55:03.045" endtime="20231118 13:55:03.077"/>
</kw>
<status status="PASS" starttime="20231118 13:55:03.044" endtime="20231118 13:55:03.077"/>
</kw>
<kw name="Register Should Fail With Message">
<arg>Password should contain numbers and/or special characters</arg>
<kw name="Register Page Should Be Open" library="resource">
<kw name="Title Should Be" library="SeleniumLibrary">
<arg>Register</arg>
<doc>Verifies that the current page title equals ``title``.</doc>
<msg timestamp="20231118 13:55:03.079" level="INFO">Page title is 'Register'.</msg>
<status status="PASS" starttime="20231118 13:55:03.077" endtime="20231118 13:55:03.079"/>
</kw>
<status status="PASS" starttime="20231118 13:55:03.077" endtime="20231118 13:55:03.079"/>
</kw>
<kw name="Page Should Contain" library="SeleniumLibrary">
<arg>${message}</arg>
<doc>Verifies that current page contains ``text``.</doc>
<msg timestamp="20231118 13:55:03.087" level="INFO">Current page contains text 'Password should contain numbers and/or special characters'.</msg>
<status status="PASS" starttime="20231118 13:55:03.079" endtime="20231118 13:55:03.087"/>
</kw>
<status status="PASS" starttime="20231118 13:55:03.077" endtime="20231118 13:55:03.087"/>
</kw>
<status status="PASS" starttime="20231118 13:55:02.912" endtime="20231118 13:55:03.087"/>
</test>
<test id="s1-s3-t4" name="Register With Nonmatching Password And Password Confirmation" line="29">
<kw name="Go To Register Page" library="resource" type="SETUP">
<kw name="Go To" library="SeleniumLibrary">
<arg>${REGISTER_URL}</arg>
<doc>Navigates the current browser window to the provided ``url``.</doc>
<msg timestamp="20231118 13:55:03.088" level="INFO">Opening url 'http://localhost:5001/register'</msg>
<status status="PASS" starttime="20231118 13:55:03.088" endtime="20231118 13:55:03.096"/>
</kw>
<status status="PASS" starttime="20231118 13:55:03.088" endtime="20231118 13:55:03.096"/>
</kw>
<kw name="Set Username">
<arg>abcde</arg>
<kw name="Input Text" library="SeleniumLibrary">
<arg>username</arg>
<arg>${username}</arg>
<doc>Types the given ``text`` into the text field identified by ``locator``.</doc>
<msg timestamp="20231118 13:55:03.097" level="INFO">Typing text 'abcde' into text field 'username'.</msg>
<status status="PASS" starttime="20231118 13:55:03.096" endtime="20231118 13:55:03.139"/>
</kw>
<status status="PASS" starttime="20231118 13:55:03.096" endtime="20231118 13:55:03.139"/>
</kw>
<kw name="Set Password">
<arg>abcde12345</arg>
<kw name="Input Password" library="SeleniumLibrary">
<arg>password</arg>
<arg>${password}</arg>
<doc>Types the given password into the text field identified by ``locator``.</doc>
<msg timestamp="20231118 13:55:03.140" level="INFO">Typing password into text field 'password'.</msg>
<msg timestamp="20231118 13:55:03.160" level="INFO">Temporally setting log level to: NONE</msg>
<msg timestamp="20231118 13:55:03.178" level="INFO">Log level changed from NONE to INFO.</msg>
<status status="PASS" starttime="20231118 13:55:03.140" endtime="20231118 13:55:03.178"/>
</kw>
<status status="PASS" starttime="20231118 13:55:03.139" endtime="20231118 13:55:03.178"/>
</kw>
<kw name="Set Password Confirmation">
<arg>abcde123456</arg>
<kw name="Input Password" library="SeleniumLibrary">
<arg>password_confirmation</arg>
<arg>${password_confirmation}</arg>
<doc>Types the given password into the text field identified by ``locator``.</doc>
<msg timestamp="20231118 13:55:03.179" level="INFO">Typing password into text field 'password_confirmation'.</msg>
<msg timestamp="20231118 13:55:03.199" level="INFO">Temporally setting log level to: NONE</msg>
<msg timestamp="20231118 13:55:03.219" level="INFO">Log level changed from NONE to INFO.</msg>
<status status="PASS" starttime="20231118 13:55:03.179" endtime="20231118 13:55:03.220"/>
</kw>
<status status="PASS" starttime="20231118 13:55:03.179" endtime="20231118 13:55:03.220"/>
</kw>
<kw name="Submit Credentials Register">
<kw name="Click Button" library="SeleniumLibrary">
<arg>Register</arg>
<doc>Clicks the button identified by ``locator``.</doc>
<msg timestamp="20231118 13:55:03.220" level="INFO">Clicking button 'Register'.</msg>
<status status="PASS" starttime="20231118 13:55:03.220" endtime="20231118 13:55:03.252"/>
</kw>
<status status="PASS" starttime="20231118 13:55:03.220" endtime="20231118 13:55:03.252"/>
</kw>
<kw name="Register Should Fail With Message">
<arg>Password and password confirmation are not equal</arg>
<kw name="Register Page Should Be Open" library="resource">
<kw name="Title Should Be" library="SeleniumLibrary">
<arg>Register</arg>
<doc>Verifies that the current page title equals ``title``.</doc>
<msg timestamp="20231118 13:55:03.254" level="INFO">Page title is 'Register'.</msg>
<status status="PASS" starttime="20231118 13:55:03.252" endtime="20231118 13:55:03.254"/>
</kw>
<status status="PASS" starttime="20231118 13:55:03.252" endtime="20231118 13:55:03.254"/>
</kw>
<kw name="Page Should Contain" library="SeleniumLibrary">
<arg>${message}</arg>
<doc>Verifies that current page contains ``text``.</doc>
<msg timestamp="20231118 13:55:03.261" level="INFO">Current page contains text 'Password and password confirmation are not equal'.</msg>
<status status="PASS" starttime="20231118 13:55:03.254" endtime="20231118 13:55:03.261"/>
</kw>
<status status="PASS" starttime="20231118 13:55:03.252" endtime="20231118 13:55:03.261"/>
</kw>
<status status="PASS" starttime="20231118 13:55:03.087" endtime="20231118 13:55:03.261"/>
</test>
<test id="s1-s3-t5" name="Login After Successful Registration" line="36">
<kw name="Go To Register Page" library="resource" type="SETUP">
<kw name="Go To" library="SeleniumLibrary">
<arg>${REGISTER_URL}</arg>
<doc>Navigates the current browser window to the provided ``url``.</doc>
<msg timestamp="20231118 13:55:03.262" level="INFO">Opening url 'http://localhost:5001/register'</msg>
<status status="PASS" starttime="20231118 13:55:03.262" endtime="20231118 13:55:03.269"/>
</kw>
<status status="PASS" starttime="20231118 13:55:03.262" endtime="20231118 13:55:03.269"/>
</kw>
<kw name="Set Username">
<arg>abcdef</arg>
<kw name="Input Text" library="SeleniumLibrary">
<arg>username</arg>
<arg>${username}</arg>
<doc>Types the given ``text`` into the text field identified by ``locator``.</doc>
<msg timestamp="20231118 13:55:03.270" level="INFO">Typing text 'abcdef' into text field 'username'.</msg>
<status status="PASS" starttime="20231118 13:55:03.270" endtime="20231118 13:55:03.313"/>
</kw>
<status status="PASS" starttime="20231118 13:55:03.269" endtime="20231118 13:55:03.313"/>
</kw>
<kw name="Set Password">
<arg>abcde123456</arg>
<kw name="Input Password" library="SeleniumLibrary">
<arg>password</arg>
<arg>${password}</arg>
<doc>Types the given password into the text field identified by ``locator``.</doc>
<msg timestamp="20231118 13:55:03.314" level="INFO">Typing password into text field 'password'.</msg>
<msg timestamp="20231118 13:55:03.334" level="INFO">Temporally setting log level to: NONE</msg>
<msg timestamp="20231118 13:55:03.353" level="INFO">Log level changed from NONE to INFO.</msg>
<status status="PASS" starttime="20231118 13:55:03.313" endtime="20231118 13:55:03.353"/>
</kw>
<status status="PASS" starttime="20231118 13:55:03.313" endtime="20231118 13:55:03.353"/>
</kw>
<kw name="Set Password Confirmation">
<arg>abcde123456</arg>
<kw name="Input Password" library="SeleniumLibrary">
<arg>password_confirmation</arg>
<arg>${password_confirmation}</arg>
<doc>Types the given password into the text field identified by ``locator``.</doc>
<msg timestamp="20231118 13:55:03.354" level="INFO">Typing password into text field 'password_confirmation'.</msg>
<msg timestamp="20231118 13:55:03.374" level="INFO">Temporally setting log level to: NONE</msg>
<msg timestamp="20231118 13:55:03.393" level="INFO">Log level changed from NONE to INFO.</msg>
<status status="PASS" starttime="20231118 13:55:03.354" endtime="20231118 13:55:03.394"/>
</kw>
<status status="PASS" starttime="20231118 13:55:03.354" endtime="20231118 13:55:03.394"/>
</kw>
<kw name="Submit Credentials Register">
<kw name="Click Button" library="SeleniumLibrary">
<arg>Register</arg>
<doc>Clicks the button identified by ``locator``.</doc>
<msg timestamp="20231118 13:55:03.394" level="INFO">Clicking button 'Register'.</msg>
<status status="PASS" starttime="20231118 13:55:03.394" endtime="20231118 13:55:03.425"/>
</kw>
<status status="PASS" starttime="20231118 13:55:03.394" endtime="20231118 13:55:03.425"/>
</kw>
<kw name="Register Should Succeed">
<kw name="Welcome Page Should Be Open" library="resource">
<kw name="Title Should Be" library="SeleniumLibrary">
<arg>Welcome to Ohtu Application!</arg>
<doc>Verifies that the current page title equals ``title``.</doc>
<msg timestamp="20231118 13:55:03.427" level="INFO">Page title is 'Welcome to Ohtu Application!'.</msg>
<status status="PASS" starttime="20231118 13:55:03.425" endtime="20231118 13:55:03.427"/>
</kw>
<status status="PASS" starttime="20231118 13:55:03.425" endtime="20231118 13:55:03.427"/>
</kw>
<status status="PASS" starttime="20231118 13:55:03.425" endtime="20231118 13:55:03.427"/>
</kw>
<kw name="Go To Login Page" library="resource">
<kw name="Go To" library="SeleniumLibrary">
<arg>${LOGIN_URL}</arg>
<doc>Navigates the current browser window to the provided ``url``.</doc>
<msg timestamp="20231118 13:55:03.428" level="INFO">Opening url 'http://localhost:5001/login'</msg>
<status status="PASS" starttime="20231118 13:55:03.428" endtime="20231118 13:55:03.436"/>
</kw>
<status status="PASS" starttime="20231118 13:55:03.427" endtime="20231118 13:55:03.436"/>
</kw>
<kw name="Set Username">
<arg>abcdef</arg>
<kw name="Input Text" library="SeleniumLibrary">
<arg>username</arg>
<arg>${username}</arg>
<doc>Types the given ``text`` into the text field identified by ``locator``.</doc>
<msg timestamp="20231118 13:55:03.437" level="INFO">Typing text 'abcdef' into text field 'username'.</msg>
<status status="PASS" starttime="20231118 13:55:03.436" endtime="20231118 13:55:03.490"/>
</kw>
<status status="PASS" starttime="20231118 13:55:03.436" endtime="20231118 13:55:03.490"/>
</kw>
<kw name="Set Password">
<arg>abcde123456</arg>
<kw name="Input Password" library="SeleniumLibrary">
<arg>password</arg>
<arg>${password}</arg>
<doc>Types the given password into the text field identified by ``locator``.</doc>
<msg timestamp="20231118 13:55:03.491" level="INFO">Typing password into text field 'password'.</msg>
<msg timestamp="20231118 13:55:03.512" level="INFO">Temporally setting log level to: NONE</msg>
<msg timestamp="20231118 13:55:03.532" level="INFO">Log level changed from NONE to INFO.</msg>
<status status="PASS" starttime="20231118 13:55:03.490" endtime="20231118 13:55:03.532"/>
</kw>
<status status="PASS" starttime="20231118 13:55:03.490" endtime="20231118 13:55:03.532"/>
</kw>
<kw name="Submit Credentials Login">
<kw name="Click Button" library="SeleniumLibrary">
<arg>Login</arg>
<doc>Clicks the button identified by ``locator``.</doc>
<msg timestamp="20231118 13:55:03.532" level="INFO">Clicking button 'Login'.</msg>
<status status="PASS" starttime="20231118 13:55:03.532" endtime="20231118 13:55:03.570"/>
</kw>
<status status="PASS" starttime="20231118 13:55:03.532" endtime="20231118 13:55:03.570"/>
</kw>
<kw name="Login Should Succeed">
<kw name="Main Page Should Be Open" library="resource">
<kw name="Title Should Be" library="SeleniumLibrary">
<arg>Ohtu Application main page</arg>
<doc>Verifies that the current page title equals ``title``.</doc>
<msg timestamp="20231118 13:55:03.573" level="INFO">Page title is 'Ohtu Application main page'.</msg>
<status status="PASS" starttime="20231118 13:55:03.571" endtime="20231118 13:55:03.573"/>
</kw>
<status status="PASS" starttime="20231118 13:55:03.571" endtime="20231118 13:55:03.573"/>
</kw>
<status status="PASS" starttime="20231118 13:55:03.571" endtime="20231118 13:55:03.573"/>
</kw>
<status status="PASS" starttime="20231118 13:55:03.261" endtime="20231118 13:55:03.573"/>
</test>
<test id="s1-s3-t6" name="Login After Failed Registration" line="48">
<kw name="Go To Register Page" library="resource" type="SETUP">
<kw name="Go To" library="SeleniumLibrary">
<arg>${REGISTER_URL}</arg>
<doc>Navigates the current browser window to the provided ``url``.</doc>
<msg timestamp="20231118 13:55:03.574" level="INFO">Opening url 'http://localhost:5001/register'</msg>
<status status="PASS" starttime="20231118 13:55:03.574" endtime="20231118 13:55:03.581"/>
</kw>
<status status="PASS" starttime="20231118 13:55:03.573" endtime="20231118 13:55:03.581"/>
</kw>
<kw name="Set Username">
<arg>ab</arg>
<kw name="Input Text" library="SeleniumLibrary">
<arg>username</arg>
<arg>${username}</arg>
<doc>Types the given ``text`` into the text field identified by ``locator``.</doc>
<msg timestamp="20231118 13:55:03.581" level="INFO">Typing text 'ab' into text field 'username'.</msg>
<status status="PASS" starttime="20231118 13:55:03.581" endtime="20231118 13:55:03.622"/>
</kw>
<status status="PASS" starttime="20231118 13:55:03.581" endtime="20231118 13:55:03.622"/>
</kw>
<kw name="Set Password">
<arg>abcde123456</arg>
<kw name="Input Password" library="SeleniumLibrary">
<arg>password</arg>
<arg>${password}</arg>
<doc>Types the given password into the text field identified by ``locator``.</doc>
<msg timestamp="20231118 13:55:03.623" level="INFO">Typing password into text field 'password'.</msg>
<msg timestamp="20231118 13:55:03.644" level="INFO">Temporally setting log level to: NONE</msg>
<msg timestamp="20231118 13:55:03.669" level="INFO">Log level changed from NONE to INFO.</msg>
<status status="PASS" starttime="20231118 13:55:03.623" endtime="20231118 13:55:03.669"/>
</kw>
<status status="PASS" starttime="20231118 13:55:03.623" endtime="20231118 13:55:03.669"/>
</kw>
<kw name="Set Password Confirmation">
<arg>abcde123456</arg>
<kw name="Input Password" library="SeleniumLibrary">
<arg>password_confirmation</arg>
<arg>${password_confirmation}</arg>
<doc>Types the given password into the text field identified by ``locator``.</doc>
<msg timestamp="20231118 13:55:03.669" level="INFO">Typing password into text field 'password_confirmation'.</msg>
<msg timestamp="20231118 13:55:03.689" level="INFO">Temporally setting log level to: NONE</msg>
<msg timestamp="20231118 13:55:03.709" level="INFO">Log level changed from NONE to INFO.</msg>
<status status="PASS" starttime="20231118 13:55:03.669" endtime="20231118 13:55:03.709"/>
</kw>
<status status="PASS" starttime="20231118 13:55:03.669" endtime="20231118 13:55:03.709"/>
</kw>
<kw name="Submit Credentials Register">
<kw name="Click Button" library="SeleniumLibrary">
<arg>Register</arg>
<doc>Clicks the button identified by ``locator``.</doc>
<msg timestamp="20231118 13:55:03.710" level="INFO">Clicking button 'Register'.</msg>
<status status="PASS" starttime="20231118 13:55:03.710" endtime="20231118 13:55:03.742"/>
</kw>
<status status="PASS" starttime="20231118 13:55:03.710" endtime="20231118 13:55:03.742"/>
</kw>
<kw name="Register Should Fail With Message">
<arg>Username too short</arg>
<kw name="Register Page Should Be Open" library="resource">
<kw name="Title Should Be" library="SeleniumLibrary">
<arg>Register</arg>
<doc>Verifies that the current page title equals ``title``.</doc>
<msg timestamp="20231118 13:55:03.744" level="INFO">Page title is 'Register'.</msg>
<status status="PASS" starttime="20231118 13:55:03.742" endtime="20231118 13:55:03.744"/>
</kw>
<status status="PASS" starttime="20231118 13:55:03.742" endtime="20231118 13:55:03.744"/>
</kw>
<kw name="Page Should Contain" library="SeleniumLibrary">
<arg>${message}</arg>
<doc>Verifies that current page contains ``text``.</doc>
<msg timestamp="20231118 13:55:03.749" level="INFO">Current page contains text 'Username too short'.</msg>
<status status="PASS" starttime="20231118 13:55:03.744" endtime="20231118 13:55:03.749"/>
</kw>
<status status="PASS" starttime="20231118 13:55:03.742" endtime="20231118 13:55:03.749"/>
</kw>
<kw name="Go To Login Page" library="resource">
<kw name="Go To" library="SeleniumLibrary">
<arg>${LOGIN_URL}</arg>
<doc>Navigates the current browser window to the provided ``url``.</doc>
<msg timestamp="20231118 13:55:03.750" level="INFO">Opening url 'http://localhost:5001/login'</msg>
<status status="PASS" starttime="20231118 13:55:03.750" endtime="20231118 13:55:03.757"/>
</kw>
<status status="PASS" starttime="20231118 13:55:03.749" endtime="20231118 13:55:03.757"/>
</kw>
<kw name="Set Username">
<arg>ab</arg>
<kw name="Input Text" library="SeleniumLibrary">
<arg>username</arg>
<arg>${username}</arg>
<doc>Types the given ``text`` into the text field identified by ``locator``.</doc>
<msg timestamp="20231118 13:55:03.758" level="INFO">Typing text 'ab' into text field 'username'.</msg>
<status status="PASS" starttime="20231118 13:55:03.758" endtime="20231118 13:55:03.799"/>
</kw>
<status status="PASS" starttime="20231118 13:55:03.757" endtime="20231118 13:55:03.799"/>
</kw>
<kw name="Set Password">
<arg>abcde123456</arg>
<kw name="Input Password" library="SeleniumLibrary">
<arg>password</arg>
<arg>${password}</arg>
<doc>Types the given password into the text field identified by ``locator``.</doc>
<msg timestamp="20231118 13:55:03.800" level="INFO">Typing password into text field 'password'.</msg>
<msg timestamp="20231118 13:55:03.819" level="INFO">Temporally setting log level to: NONE</msg>
<msg timestamp="20231118 13:55:03.838" level="INFO">Log level changed from NONE to INFO.</msg>
<status status="PASS" starttime="20231118 13:55:03.799" endtime="20231118 13:55:03.838"/>
</kw>
<status status="PASS" starttime="20231118 13:55:03.799" endtime="20231118 13:55:03.838"/>
</kw>
<kw name="Submit Credentials Login">
<kw name="Click Button" library="SeleniumLibrary">
<arg>Login</arg>
<doc>Clicks the button identified by ``locator``.</doc>
<msg timestamp="20231118 13:55:03.839" level="INFO">Clicking button 'Login'.</msg>
<status status="PASS" starttime="20231118 13:55:03.839" endtime="20231118 13:55:03.871"/>
</kw>
<status status="PASS" starttime="20231118 13:55:03.838" endtime="20231118 13:55:03.871"/>
</kw>
<kw name="Login Should Fail With Message">
<arg>Invalid username or password</arg>
<kw name="Login Page Should Be Open" library="resource">
<kw name="Title Should Be" library="SeleniumLibrary">
<arg>Login</arg>
<doc>Verifies that the current page title equals ``title``.</doc>
<msg timestamp="20231118 13:55:03.873" level="INFO">Page title is 'Login'.</msg>
<status status="PASS" starttime="20231118 13:55:03.871" endtime="20231118 13:55:03.873"/>
</kw>
<status status="PASS" starttime="20231118 13:55:03.871" endtime="20231118 13:55:03.873"/>
</kw>
<kw name="Page Should Contain" library="SeleniumLibrary">
<arg>${message}</arg>
<doc>Verifies that current page contains ``text``.</doc>
<msg timestamp="20231118 13:55:03.880" level="INFO">Current page contains text 'Invalid username or password'.</msg>
<status status="PASS" starttime="20231118 13:55:03.873" endtime="20231118 13:55:03.880"/>
</kw>
<status status="PASS" starttime="20231118 13:55:03.871" endtime="20231118 13:55:03.881"/>
</kw>
<status status="PASS" starttime="20231118 13:55:03.573" endtime="20231118 13:55:03.881"/>
</test>
<kw name="Close Browser" library="SeleniumLibrary" type="TEARDOWN">
<doc>Closes the current browser.</doc>
<status status="PASS" starttime="20231118 13:55:03.881" endtime="20231118 13:55:03.938"/>
</kw>
<status status="PASS" starttime="20231118 13:55:01.833" endtime="20231118 13:55:03.938"/>
</suite>
<status status="PASS" starttime="20231118 13:54:59.713" endtime="20231118 13:55:03.940"/>
</suite>
<statistics>
<total>
<stat pass="11" fail="0" skip="0">All Tests</stat>
</total>
<tag>
</tag>
<suite>
<stat pass="11" fail="0" skip="0" id="s1" name="Tests">Tests</stat>
<stat pass="2" fail="0" skip="0" id="s1-s1" name="Home">Tests.Home</stat>
<stat pass="3" fail="0" skip="0" id="s1-s2" name="Login">Tests.Login</stat>
<stat pass="6" fail="0" skip="0" id="s1-s3" name="Register">Tests.Register</stat>
</suite>
</statistics>
<errors>
</errors>
</robot>
