<?xml version="1.0" encoding="UTF-8"?>
<robot generator="Robot 6.1.1 (Python 3.12.0 on linux)" generated="20231116 12:02:38.348" rpa="false" schemaversion="4">
<suite id="s1" name="Tests" source="/home/cristama/ohtu/palautusrepositorio/viikko3/login-robot/src/tests">
<suite id="s1-s1" name="Login" source="/home/cristama/ohtu/palautusrepositorio/viikko3/login-robot/src/tests/login.robot">
<test id="s1-s1-t1" name="Login With Correct Credentials" line="6">
<kw name="Create User And Input Login Command" type="SETUP">
<kw name="Create User" library="AppLibrary">
<arg>kalle</arg>
<arg>kalle123</arg>
<status status="PASS" starttime="20231116 12:02:38.368" endtime="20231116 12:02:38.369"/>
</kw>
<kw name="Input Login Command" library="resource">
<kw name="Input" library="AppLibrary">
<arg>login</arg>
<status status="PASS" starttime="20231116 12:02:38.369" endtime="20231116 12:02:38.369"/>
</kw>
<status status="PASS" starttime="20231116 12:02:38.369" endtime="20231116 12:02:38.369"/>
</kw>
<status status="PASS" starttime="20231116 12:02:38.368" endtime="20231116 12:02:38.369"/>
</kw>
<kw name="Input Credentials" library="resource">
<arg>kalle</arg>
<arg>kalle123</arg>
<kw name="Input" library="AppLibrary">
<arg>${username}</arg>
<status status="PASS" starttime="20231116 12:02:38.369" endtime="20231116 12:02:38.370"/>
</kw>
<kw name="Input" library="AppLibrary">
<arg>${password}</arg>
<status status="PASS" starttime="20231116 12:02:38.370" endtime="20231116 12:02:38.370"/>
</kw>
<kw name="Run Application" library="AppLibrary">
<status status="PASS" starttime="20231116 12:02:38.370" endtime="20231116 12:02:38.370"/>
</kw>
<status status="PASS" starttime="20231116 12:02:38.369" endtime="20231116 12:02:38.370"/>
</kw>
<kw name="Output Should Contain" library="AppLibrary">
<arg>Logged in</arg>
<status status="PASS" starttime="20231116 12:02:38.370" endtime="20231116 12:02:38.370"/>
</kw>
<status status="PASS" starttime="20231116 12:02:38.368" endtime="20231116 12:02:38.370"/>
</test>
<test id="s1-s1-t2" name="Login With Incorrect Password" line="10">
<kw name="Create User And Input Login Command" type="SETUP">
<kw name="Create User" library="AppLibrary">
<arg>kalle</arg>
<arg>kalle123</arg>
<status status="PASS" starttime="20231116 12:02:38.371" endtime="20231116 12:02:38.371"/>
</kw>
<kw name="Input Login Command" library="resource">
<kw name="Input" library="AppLibrary">
<arg>login</arg>
<status status="PASS" starttime="20231116 12:02:38.371" endtime="20231116 12:02:38.371"/>
</kw>
<status status="PASS" starttime="20231116 12:02:38.371" endtime="20231116 12:02:38.371"/>
</kw>
<status status="PASS" starttime="20231116 12:02:38.371" endtime="20231116 12:02:38.371"/>
</kw>
<kw name="Input Credentials" library="resource">
<arg>kalle</arg>
<arg>def</arg>
<kw name="Input" library="AppLibrary">
<arg>${username}</arg>
<status status="PASS" starttime="20231116 12:02:38.371" endtime="20231116 12:02:38.371"/>
</kw>
<kw name="Input" library="AppLibrary">
<arg>${password}</arg>
<status status="PASS" starttime="20231116 12:02:38.371" endtime="20231116 12:02:38.372"/>
</kw>
<kw name="Run Application" library="AppLibrary">
<status status="PASS" starttime="20231116 12:02:38.372" endtime="20231116 12:02:38.372"/>
</kw>
<status status="PASS" starttime="20231116 12:02:38.371" endtime="20231116 12:02:38.372"/>
</kw>
<kw name="Output Should Contain" library="AppLibrary">
<arg>Invalid username or password</arg>
<status status="PASS" starttime="20231116 12:02:38.372" endtime="20231116 12:02:38.372"/>
</kw>
<status status="PASS" starttime="20231116 12:02:38.370" endtime="20231116 12:02:38.372"/>
</test>
<test id="s1-s1-t3" name="Login With Nonexistent Username" line="14">
<kw name="Create User And Input Login Command" type="SETUP">
<kw name="Create User" library="AppLibrary">
<arg>kalle</arg>
<arg>kalle123</arg>
<status status="PASS" starttime="20231116 12:02:38.372" endtime="20231116 12:02:38.373"/>
</kw>
<kw name="Input Login Command" library="resource">
<kw name="Input" library="AppLibrary">
<arg>login</arg>
<status status="PASS" starttime="20231116 12:02:38.373" endtime="20231116 12:02:38.373"/>
</kw>
<status status="PASS" starttime="20231116 12:02:38.373" endtime="20231116 12:02:38.373"/>
</kw>
<status status="PASS" starttime="20231116 12:02:38.372" endtime="20231116 12:02:38.373"/>
</kw>
<kw name="Input Credentials" library="resource">
<arg>abc</arg>
<arg>kalle123</arg>
<kw name="Input" library="AppLibrary">
<arg>${username}</arg>
<status status="PASS" starttime="20231116 12:02:38.373" endtime="20231116 12:02:38.373"/>
</kw>
<kw name="Input" library="AppLibrary">
<arg>${password}</arg>
<status status="PASS" starttime="20231116 12:02:38.373" endtime="20231116 12:02:38.373"/>
</kw>
<kw name="Run Application" library="AppLibrary">
<status status="PASS" starttime="20231116 12:02:38.373" endtime="20231116 12:02:38.373"/>
</kw>
<status status="PASS" starttime="20231116 12:02:38.373" endtime="20231116 12:02:38.373"/>
</kw>
<kw name="Output Should Contain" library="AppLibrary">
<arg>Invalid username or password</arg>
<status status="PASS" starttime="20231116 12:02:38.373" endtime="20231116 12:02:38.374"/>
</kw>
<status status="PASS" starttime="20231116 12:02:38.372" endtime="20231116 12:02:38.374"/>
</test>
<status status="PASS" starttime="20231116 12:02:38.364" endtime="20231116 12:02:38.374"/>
</suite>
<suite id="s1-s2" name="Register" source="/home/cristama/ohtu/palautusrepositorio/viikko3/login-robot/src/tests/register.robot">
<test id="s1-s2-t1" name="Register With Valid Username And Password" line="6">
<kw name="Input New Command And Create User" type="SETUP">
<kw name="Input New Command" library="resource">
<kw name="Input" library="AppLibrary">
<arg>new</arg>
<status status="PASS" starttime="20231116 12:02:38.377" endtime="20231116 12:02:38.377"/>
</kw>
<status status="PASS" starttime="20231116 12:02:38.377" endtime="20231116 12:02:38.377"/>
</kw>
<status status="PASS" starttime="20231116 12:02:38.377" endtime="20231116 12:02:38.377"/>
</kw>
<kw name="Input Credentials" library="resource">
<arg>abcde</arg>
<arg>defgh1234!</arg>
<kw name="Input" library="AppLibrary">
<arg>${username}</arg>
<status status="PASS" starttime="20231116 12:02:38.377" endtime="20231116 12:02:38.377"/>
</kw>
<kw name="Input" library="AppLibrary">
<arg>${password}</arg>
<status status="PASS" starttime="20231116 12:02:38.377" endtime="20231116 12:02:38.377"/>
</kw>
<kw name="Run Application" library="AppLibrary">
<status status="PASS" starttime="20231116 12:02:38.378" endtime="20231116 12:02:38.378"/>
</kw>
<status status="PASS" starttime="20231116 12:02:38.377" endtime="20231116 12:02:38.378"/>
</kw>
<kw name="Output Should Contain" library="AppLibrary">
<arg>New user registered</arg>
<status status="PASS" starttime="20231116 12:02:38.378" endtime="20231116 12:02:38.378"/>
</kw>
<status status="PASS" starttime="20231116 12:02:38.376" endtime="20231116 12:02:38.378"/>
</test>
<test id="s1-s2-t2" name="Register With Already Taken Username And Valid Password" line="10">
<kw name="Input New Command And Create User" type="SETUP">
<kw name="Input New Command" library="resource">
<kw name="Input" library="AppLibrary">
<arg>new</arg>
<status status="PASS" starttime="20231116 12:02:38.379" endtime="20231116 12:02:38.379"/>
</kw>
<status status="PASS" starttime="20231116 12:02:38.378" endtime="20231116 12:02:38.379"/>
</kw>
<status status="PASS" starttime="20231116 12:02:38.378" endtime="20231116 12:02:38.379"/>
</kw>
<kw name="Input Credentials" library="resource">
<arg>abcde</arg>
<arg>defgh1234</arg>
<kw name="Input" library="AppLibrary">
<arg>${username}</arg>
<status status="PASS" starttime="20231116 12:02:38.379" endtime="20231116 12:02:38.379"/>
</kw>
<kw name="Input" library="AppLibrary">
<arg>${password}</arg>
<status status="PASS" starttime="20231116 12:02:38.379" endtime="20231116 12:02:38.379"/>
</kw>
<kw name="Run Application" library="AppLibrary">
<status status="PASS" starttime="20231116 12:02:38.379" endtime="20231116 12:02:38.379"/>
</kw>
<status status="PASS" starttime="20231116 12:02:38.379" endtime="20231116 12:02:38.379"/>
</kw>
<kw name="Input" library="AppLibrary">
<arg>new</arg>
<status status="PASS" starttime="20231116 12:02:38.379" endtime="20231116 12:02:38.379"/>
</kw>
<kw name="Input Credentials" library="resource">
<arg>abcde</arg>
<arg>defgh1234</arg>
<kw name="Input" library="AppLibrary">
<arg>${username}</arg>
<status status="PASS" starttime="20231116 12:02:38.380" endtime="20231116 12:02:38.380"/>
</kw>
<kw name="Input" library="AppLibrary">
<arg>${password}</arg>
<status status="PASS" starttime="20231116 12:02:38.380" endtime="20231116 12:02:38.380"/>
</kw>
<kw name="Run Application" library="AppLibrary">
<status status="PASS" starttime="20231116 12:02:38.380" endtime="20231116 12:02:38.380"/>
</kw>
<status status="PASS" starttime="20231116 12:02:38.380" endtime="20231116 12:02:38.380"/>
</kw>
<kw name="Output Should Contain" library="AppLibrary">
<arg>User with username abcde already exists</arg>
<status status="PASS" starttime="20231116 12:02:38.380" endtime="20231116 12:02:38.380"/>
</kw>
<status status="PASS" starttime="20231116 12:02:38.378" endtime="20231116 12:02:38.380"/>
</test>
<test id="s1-s2-t3" name="Register With Too Short Username And Valid Password" line="16">
<kw name="Input New Command And Create User" type="SETUP">
<kw name="Input New Command" library="resource">
<kw name="Input" library="AppLibrary">
<arg>new</arg>
<status status="PASS" starttime="20231116 12:02:38.381" endtime="20231116 12:02:38.381"/>
</kw>
<status status="PASS" starttime="20231116 12:02:38.381" endtime="20231116 12:02:38.381"/>
</kw>
<status status="PASS" starttime="20231116 12:02:38.381" endtime="20231116 12:02:38.381"/>
</kw>
<kw name="Input Credentials" library="resource">
<arg>ab</arg>
<arg>abcdef123</arg>
<kw name="Input" library="AppLibrary">
<arg>${username}</arg>
<status status="PASS" starttime="20231116 12:02:38.381" endtime="20231116 12:02:38.381"/>
</kw>
<kw name="Input" library="AppLibrary">
<arg>${password}</arg>
<status status="PASS" starttime="20231116 12:02:38.381" endtime="20231116 12:02:38.382"/>
</kw>
<kw name="Run Application" library="AppLibrary">
<status status="PASS" starttime="20231116 12:02:38.382" endtime="20231116 12:02:38.382"/>
</kw>
<status status="PASS" starttime="20231116 12:02:38.381" endtime="20231116 12:02:38.382"/>
</kw>
<kw name="Output Should Contain" library="AppLibrary">
<arg>Username too short</arg>
<status status="PASS" starttime="20231116 12:02:38.382" endtime="20231116 12:02:38.382"/>
</kw>
<status status="PASS" starttime="20231116 12:02:38.380" endtime="20231116 12:02:38.382"/>
</test>
<test id="s1-s2-t4" name="Register With Enough Long But Invald Username And Valid Password" line="20">
<kw name="Input New Command And Create User" type="SETUP">
<kw name="Input New Command" library="resource">
<kw name="Input" library="AppLibrary">
<arg>new</arg>
<status status="PASS" starttime="20231116 12:02:38.383" endtime="20231116 12:02:38.383"/>
</kw>
<status status="PASS" starttime="20231116 12:02:38.382" endtime="20231116 12:02:38.383"/>
</kw>
<status status="PASS" starttime="20231116 12:02:38.382" endtime="20231116 12:02:38.383"/>
</kw>
<kw name="Input Credentials" library="resource">
<arg>abc1</arg>
<arg>abcdefg123!</arg>
<kw name="Input" library="AppLibrary">
<arg>${username}</arg>
<status status="PASS" starttime="20231116 12:02:38.383" endtime="20231116 12:02:38.383"/>
</kw>
<kw name="Input" library="AppLibrary">
<arg>${password}</arg>
<status status="PASS" starttime="20231116 12:02:38.383" endtime="20231116 12:02:38.383"/>
</kw>
<kw name="Run Application" library="AppLibrary">
<status status="PASS" starttime="20231116 12:02:38.383" endtime="20231116 12:02:38.383"/>
</kw>
<status status="PASS" starttime="20231116 12:02:38.383" endtime="20231116 12:02:38.383"/>
</kw>
<kw name="Output Should Contain" library="AppLibrary">
<arg>Username should contain only letters from a to z</arg>
<status status="PASS" starttime="20231116 12:02:38.384" endtime="20231116 12:02:38.384"/>
</kw>
<status status="PASS" starttime="20231116 12:02:38.382" endtime="20231116 12:02:38.384"/>
</test>
<test id="s1-s2-t5" name="Register With Valid Username And Too Short Password" line="24">
<kw name="Input New Command And Create User" type="SETUP">
<kw name="Input New Command" library="resource">
<kw name="Input" library="AppLibrary">
<arg>new</arg>
<status status="PASS" starttime="20231116 12:02:38.384" endtime="20231116 12:02:38.384"/>
</kw>
<status status="PASS" starttime="20231116 12:02:38.384" endtime="20231116 12:02:38.384"/>
</kw>
<status status="PASS" starttime="20231116 12:02:38.384" endtime="20231116 12:02:38.385"/>
</kw>
<kw name="Input Credentials" library="resource">
<arg>abcd</arg>
<arg>ab12</arg>
<kw name="Input" library="AppLibrary">
<arg>${username}</arg>
<status status="PASS" starttime="20231116 12:02:38.385" endtime="20231116 12:02:38.385"/>
</kw>
<kw name="Input" library="AppLibrary">
<arg>${password}</arg>
<status status="PASS" starttime="20231116 12:02:38.385" endtime="20231116 12:02:38.385"/>
</kw>
<kw name="Run Application" library="AppLibrary">
<status status="PASS" starttime="20231116 12:02:38.385" endtime="20231116 12:02:38.385"/>
</kw>
<status status="PASS" starttime="20231116 12:02:38.385" endtime="20231116 12:02:38.385"/>
</kw>
<kw name="Output Should Contain" library="AppLibrary">
<arg>Password too short</arg>
<status status="PASS" starttime="20231116 12:02:38.385" endtime="20231116 12:02:38.385"/>
</kw>
<status status="PASS" starttime="20231116 12:02:38.384" endtime="20231116 12:02:38.385"/>
</test>
<test id="s1-s2-t6" name="Register With Valid Username And Long Enough Password Containing Only Letters" line="28">
<kw name="Input New Command And Create User" type="SETUP">
<kw name="Input New Command" library="resource">
<kw name="Input" library="AppLibrary">
<arg>new</arg>
<status status="PASS" starttime="20231116 12:02:38.386" endtime="20231116 12:02:38.386"/>
</kw>
<status status="PASS" starttime="20231116 12:02:38.386" endtime="20231116 12:02:38.386"/>
</kw>
<status status="PASS" starttime="20231116 12:02:38.386" endtime="20231116 12:02:38.386"/>
</kw>
<kw name="Input Credentials" library="resource">
<arg>abcd</arg>
<arg>abcdefghi</arg>
<kw name="Input" library="AppLibrary">
<arg>${username}</arg>
<status status="PASS" starttime="20231116 12:02:38.386" endtime="20231116 12:02:38.386"/>
</kw>
<kw name="Input" library="AppLibrary">
<arg>${password}</arg>
<status status="PASS" starttime="20231116 12:02:38.387" endtime="20231116 12:02:38.387"/>
</kw>
<kw name="Run Application" library="AppLibrary">
<status status="PASS" starttime="20231116 12:02:38.387" endtime="20231116 12:02:38.387"/>
</kw>
<status status="PASS" starttime="20231116 12:02:38.386" endtime="20231116 12:02:38.387"/>
</kw>
<kw name="Output Should Contain" library="AppLibrary">
<arg>Username should contain numbers and/or special characters</arg>
<status status="PASS" starttime="20231116 12:02:38.387" endtime="20231116 12:02:38.387"/>
</kw>
<status status="PASS" starttime="20231116 12:02:38.386" endtime="20231116 12:02:38.387"/>
</test>
<status status="PASS" starttime="20231116 12:02:38.374" endtime="20231116 12:02:38.387"/>
</suite>
<status status="PASS" starttime="20231116 12:02:38.348" endtime="20231116 12:02:38.388"/>
</suite>
<statistics>
<total>
<stat pass="9" fail="0" skip="0">All Tests</stat>
</total>
<tag>
</tag>
<suite>
<stat pass="9" fail="0" skip="0" id="s1" name="Tests">Tests</stat>
<stat pass="3" fail="0" skip="0" id="s1-s1" name="Login">Tests.Login</stat>
<stat pass="6" fail="0" skip="0" id="s1-s2" name="Register">Tests.Register</stat>
</suite>
</statistics>
<errors>
</errors>
</robot>
